<?xml version="1.0" encoding="UTF-8"?>
<!-- Generated by org.testng.reporters.JUnitReportReporter -->
<testsuite skipped="0" hostname="RS" name="TestcaseScripts.AddPurchaseTest" tests="12" failures="0" timestamp="2023-01-05T13:21:28 GST" time="276.162" errors="0">
  <testcase name="addSupplierDetails" time="15.212" classname="TestcaseScripts.AddPurchaseTest"/>
  <system-out/>
  <testcase name="attachDocInAddPurchase" time="16.143" classname="TestcaseScripts.AddPurchaseTest"/>
  <system-out/>
  <testcase name="RemoveDocInAddPurchase" time="16.146" classname="TestcaseScripts.AddPurchaseTest"/>
  <system-out/>
  <testcase name="addPurchaseWithoutSupplier" time="31.108" classname="TestcaseScripts.AddPurchaseTest"/>
  <system-out/>
  <testcase name="addPurchaseWithoutStatus" time="34.844" classname="TestcaseScripts.AddPurchaseTest"/>
  <system-out/>
  <testcase name="addPurchaseWithoutLocation" time="37.771" classname="TestcaseScripts.AddPurchaseTest"/>
  <system-out/>
  <testcase name="addPurchaseWithoutProduct" time="26.296" classname="TestcaseScripts.AddPurchaseTest"/>
  <system-out/>
  <testcase name="addNewPurchase" time="42.335" classname="TestcaseScripts.AddPurchaseTest"/>
  <system-out/>
  <testcase name="checkWithSupplierAdded" time="14.079" classname="TestcaseScripts.AddPurchaseTest"/>
  <system-out/>
  <testcase name="checkWithLocationAdded" time="14.069" classname="TestcaseScripts.AddPurchaseTest"/>
  <system-out/>
  <testcase name="checkWithPurchaseStatusAdded" time="14.085" classname="TestcaseScripts.AddPurchaseTest"/>
  <system-out/>
  <testcase name="checkWithGrandTotalAdded" time="14.074" classname="TestcaseScripts.AddPurchaseTest"/>
  <system-out/>
</testsuite> <!-- TestcaseScripts.AddPurchaseTest -->
