<?xml version="1.0" encoding="UTF-8"?>
<!-- Generated by org.testng.reporters.JUnitReportReporter -->
<testsuite skipped="1" hostname="RS" name="TestcaseScripts.ListProducts" tests="2" failures="0" timestamp="2022-12-19T10:00:23 GST" time="19.833" errors="1">
  <testcase name="beforeTest" time="19.833" classname="TestcaseScripts.ListProducts">
    <error type="java.lang.NullPointerException">
      <![CDATA[java.lang.NullPointerException
at pagelements.ListProductsPage.navToListProduct(ListProductsPage.java:34)
at TestcaseScripts.ListProducts.beforeTest(ListProducts.java:35)
at sun.reflect.NativeMethodAccessorImpl.invoke0(Native Method)
at sun.reflect.NativeMethodAccessorImpl.invoke(NativeMethodAccessorImpl.java:62)
at sun.reflect.DelegatingMethodAccessorImpl.invoke(DelegatingMethodAccessorImpl.java:43)
at java.lang.reflect.Method.invoke(Method.java:498)
at org.testng.internal.MethodInvocationHelper.invokeMethod(MethodInvocationHelper.java:133)
at org.testng.internal.MethodInvocationHelper.invokeMethodConsideringTimeout(MethodInvocationHelper.java:62)
at org.testng.internal.ConfigInvoker.invokeConfigurationMethod(ConfigInvoker.java:385)
at org.testng.internal.ConfigInvoker.invokeConfigurations(ConfigInvoker.java:321)
at org.testng.TestRunner.invokeTestConfigurations(TestRunner.java:637)
at org.testng.TestRunner.beforeRun(TestRunner.java:627)
at org.testng.TestRunner.run(TestRunner.java:589)
at org.testng.SuiteRunner.runTest(SuiteRunner.java:377)
at org.testng.SuiteRunner.runSequentially(SuiteRunner.java:371)
at org.testng.SuiteRunner.privateRun(SuiteRunner.java:332)
at org.testng.SuiteRunner.run(SuiteRunner.java:276)
at org.testng.SuiteRunnerWorker.runSuite(SuiteRunnerWorker.java:53)
at org.testng.SuiteRunnerWorker.run(SuiteRunnerWorker.java:96)
at org.testng.TestNG.runSuitesSequentially(TestNG.java:1212)
at org.testng.TestNG.runSuitesLocally(TestNG.java:1134)
at org.testng.TestNG.runSuites(TestNG.java:1063)
at org.testng.TestNG.run(TestNG.java:1031)
at org.testng.remote.AbstractRemoteTestNG.run(AbstractRemoteTestNG.java:115)
at org.testng.remote.RemoteTestNG.initAndRun(RemoteTestNG.java:251)
at org.testng.remote.RemoteTestNG.main(RemoteTestNG.java:77)
]]>
    </error>
  </testcase> <!-- beforeTest -->
  <system-out/>
  <testcase name="f" time="0.000" classname="TestcaseScripts.ListProducts">
    <skipped/>
  </testcase> <!-- f -->
  <system-out/>
</testsuite> <!-- TestcaseScripts.ListProducts -->
