<?xml version="1.0" encoding="UTF-8"?>
<!-- Generated by org.testng.reporters.JUnitReportReporter -->
<testsuite skipped="1" hostname="RS" name="TestcaseScripts.ListProductsTest" tests="2" failures="0" timestamp="2022-12-19T18:05:58 GST" time="15.503" errors="0">
  <testcase name="listCorrectProductName" time="15.503" classname="TestcaseScripts.ListProductsTest"/>
  <system-out/>
  <testcase name="searchByName" classname="TestcaseScripts.ListProductsTest">
    <skipped/>
  </testcase> <!-- searchByName -->
  <system-out/>
</testsuite> <!-- TestcaseScripts.ListProductsTest -->
